<?xml version="1.0" encoding="UTF-8"?>
<!-- Generated by org.testng.reporters.JUnitReportReporter -->
<testsuite hostname="DESKTOP-KNKB3FR" failures="0" tests="1" name="ThroneWeb.Footer" time="23.757" errors="0" timestamp="2023-09-28T12:52:58 IST" skipped="0">
  <testcase classname="ThroneWeb.Footer" name="firsttry" time="23.757"/>
</testsuite> <!-- ThroneWeb.Footer -->
